<?xml version="1.0" encoding="UTF-8"?>
<robot generator="Robot 6.0.2 (Python 3.11.1 on win32)" generated="20230212 21:20:22.867" rpa="false" schemaversion="3">
<suite id="s1" name="My Robotframework" source="C:\projects\my_robotframework">
<suite id="s1-s1" name="Tests Robotframework" source="C:\projects\my_robotframework\tests_robotframework.robot">
<test id="s1-s1-t1" name="Login to the system" line="35">
<kw name="Open login page">
<kw name="Open Browser" library="SeleniumLibrary">
<arg>${LOGIN URL}</arg>
<arg>${BROWSER}</arg>
<doc>Opens a new browser instance to the optional ``url``.</doc>
<msg timestamp="20230212 21:20:23.111" level="INFO">Opening browser 'Chrome' to base url 'https://scouts-test.futbolkolektyw.pl/en'.</msg>
<status status="PASS" starttime="20230212 21:20:23.111" endtime="20230212 21:20:26.617"/>
</kw>
<kw name="Title Should Be" library="SeleniumLibrary">
<arg>Scouts panel - sign in</arg>
<doc>Verifies that the current page title equals ``title``.</doc>
<msg timestamp="20230212 21:20:26.621" level="INFO">Page title is 'Scouts panel - sign in'.</msg>
<status status="PASS" starttime="20230212 21:20:26.617" endtime="20230212 21:20:26.621"/>
</kw>
<status status="PASS" starttime="20230212 21:20:23.111" endtime="20230212 21:20:26.621"/>
</kw>
<kw name="Type in email">
<kw name="Input Text" library="SeleniumLibrary">
<arg>${EMAILINPUT}</arg>
<arg>user07@getnada.com</arg>
<doc>Types the given ``text`` into the text field identified by ``locator``.</doc>
<msg timestamp="20230212 21:20:26.621" level="INFO">Typing text 'user07@getnada.com' into text field 'xpath=//*[@id='login']'.</msg>
<status status="PASS" starttime="20230212 21:20:26.621" endtime="20230212 21:20:26.769"/>
</kw>
<status status="PASS" starttime="20230212 21:20:26.621" endtime="20230212 21:20:26.769"/>
</kw>
<kw name="Type in password">
<kw name="Input Text" library="SeleniumLibrary">
<arg>${PASSWORDINPUT}</arg>
<arg>Test-1234</arg>
<doc>Types the given ``text`` into the text field identified by ``locator``.</doc>
<msg timestamp="20230212 21:20:26.773" level="INFO">Typing text 'Test-1234' into text field 'xpath=//*[@id='password']'.</msg>
<status status="PASS" starttime="20230212 21:20:26.773" endtime="20230212 21:20:26.877"/>
</kw>
<status status="PASS" starttime="20230212 21:20:26.769" endtime="20230212 21:20:26.877"/>
</kw>
<kw name="Click on the Submit button">
<kw name="Click Element" library="SeleniumLibrary">
<arg>xpath=//*[text()='Sign in']</arg>
<doc>Click the element identified by ``locator``.</doc>
<msg timestamp="20230212 21:20:26.881" level="INFO">Clicking element 'xpath=//*[text()='Sign in']'.</msg>
<status status="PASS" starttime="20230212 21:20:26.881" endtime="20230212 21:20:26.934"/>
</kw>
<status status="PASS" starttime="20230212 21:20:26.881" endtime="20230212 21:20:26.934"/>
</kw>
<kw name="Assert dashboard">
<kw name="Wait Until Element Is Visible" library="SeleniumLibrary">
<arg>${PAGELOGO}</arg>
<doc>Waits until the element ``locator`` is visible.</doc>
<status status="PASS" starttime="20230212 21:20:26.934" endtime="20230212 21:20:29.277"/>
</kw>
<kw name="Title Should Be" library="SeleniumLibrary">
<arg>Scouts panel</arg>
<doc>Verifies that the current page title equals ``title``.</doc>
<msg timestamp="20230212 21:20:29.285" level="INFO">Page title is 'Scouts panel'.</msg>
<status status="PASS" starttime="20230212 21:20:29.277" endtime="20230212 21:20:29.285"/>
</kw>
<status status="PASS" starttime="20230212 21:20:26.934" endtime="20230212 21:20:29.285"/>
</kw>
<kw name="Close Browser" library="SeleniumLibrary" type="TEARDOWN">
<doc>Closes the current browser.</doc>
<status status="PASS" starttime="20230212 21:20:29.297" endtime="20230212 21:20:33.013"/>
</kw>
<status status="PASS" starttime="20230212 21:20:23.107" endtime="20230212 21:20:33.013"/>
</test>
<test id="s1-s1-t2" name="Add a player page" line="42">
<kw name="Open login page">
<kw name="Open Browser" library="SeleniumLibrary">
<arg>${LOGIN URL}</arg>
<arg>${BROWSER}</arg>
<doc>Opens a new browser instance to the optional ``url``.</doc>
<msg timestamp="20230212 21:20:33.017" level="INFO">Opening browser 'Chrome' to base url 'https://scouts-test.futbolkolektyw.pl/en'.</msg>
<status status="PASS" starttime="20230212 21:20:33.013" endtime="20230212 21:20:37.578"/>
</kw>
<kw name="Title Should Be" library="SeleniumLibrary">
<arg>Scouts panel - sign in</arg>
<doc>Verifies that the current page title equals ``title``.</doc>
<msg timestamp="20230212 21:20:37.582" level="INFO">Page title is 'Scouts panel - sign in'.</msg>
<status status="PASS" starttime="20230212 21:20:37.578" endtime="20230212 21:20:37.582"/>
</kw>
<status status="PASS" starttime="20230212 21:20:33.013" endtime="20230212 21:20:37.582"/>
</kw>
<kw name="Type in email">
<kw name="Input Text" library="SeleniumLibrary">
<arg>${EMAILINPUT}</arg>
<arg>user07@getnada.com</arg>
<doc>Types the given ``text`` into the text field identified by ``locator``.</doc>
<msg timestamp="20230212 21:20:37.582" level="INFO">Typing text 'user07@getnada.com' into text field 'xpath=//*[@id='login']'.</msg>
<status status="PASS" starttime="20230212 21:20:37.582" endtime="20230212 21:20:37.734"/>
</kw>
<status status="PASS" starttime="20230212 21:20:37.582" endtime="20230212 21:20:37.734"/>
</kw>
<kw name="Type in password">
<kw name="Input Text" library="SeleniumLibrary">
<arg>${PASSWORDINPUT}</arg>
<arg>Test-1234</arg>
<doc>Types the given ``text`` into the text field identified by ``locator``.</doc>
<msg timestamp="20230212 21:20:37.734" level="INFO">Typing text 'Test-1234' into text field 'xpath=//*[@id='password']'.</msg>
<status status="PASS" starttime="20230212 21:20:37.734" endtime="20230212 21:20:37.847"/>
</kw>
<status status="PASS" starttime="20230212 21:20:37.734" endtime="20230212 21:20:37.847"/>
</kw>
<kw name="Click on the Submit button">
<kw name="Click Element" library="SeleniumLibrary">
<arg>xpath=//*[text()='Sign in']</arg>
<doc>Click the element identified by ``locator``.</doc>
<msg timestamp="20230212 21:20:37.847" level="INFO">Clicking element 'xpath=//*[text()='Sign in']'.</msg>
<status status="PASS" starttime="20230212 21:20:37.847" endtime="20230212 21:20:37.891"/>
</kw>
<status status="PASS" starttime="20230212 21:20:37.847" endtime="20230212 21:20:37.891"/>
</kw>
<kw name="Assert dashboard">
<kw name="Wait Until Element Is Visible" library="SeleniumLibrary">
<arg>${PAGELOGO}</arg>
<doc>Waits until the element ``locator`` is visible.</doc>
<status status="PASS" starttime="20230212 21:20:37.891" endtime="20230212 21:20:40.866"/>
</kw>
<kw name="Title Should Be" library="SeleniumLibrary">
<arg>Scouts panel</arg>
<doc>Verifies that the current page title equals ``title``.</doc>
<msg timestamp="20230212 21:20:40.870" level="INFO">Page title is 'Scouts panel'.</msg>
<status status="PASS" starttime="20230212 21:20:40.866" endtime="20230212 21:20:40.870"/>
</kw>
<status status="PASS" starttime="20230212 21:20:37.891" endtime="20230212 21:20:40.870"/>
</kw>
<kw name="Click on add button">
<kw name="Click Element" library="SeleniumLibrary">
<arg>//*[text()='Add player']</arg>
<doc>Click the element identified by ``locator``.</doc>
<msg timestamp="20230212 21:20:40.870" level="INFO">Clicking element '//*[text()='Add player']'.</msg>
<status status="PASS" starttime="20230212 21:20:40.870" endtime="20230212 21:20:40.922"/>
</kw>
<status status="PASS" starttime="20230212 21:20:40.870" endtime="20230212 21:20:40.922"/>
</kw>
<kw name="Assert add a player page">
<kw name="Wait Until Element Is Visible" library="SeleniumLibrary">
<arg>${ADDPLAYERPAGELOGO}</arg>
<doc>Waits until the element ``locator`` is visible.</doc>
<status status="PASS" starttime="20230212 21:20:40.922" endtime="20230212 21:20:41.158"/>
</kw>
<kw name="Title Should Be" library="SeleniumLibrary">
<arg>Add player</arg>
<doc>Verifies that the current page title equals ``title``.</doc>
<msg timestamp="20230212 21:20:41.162" level="INFO">Page title is 'Add player'.</msg>
<status status="PASS" starttime="20230212 21:20:41.158" endtime="20230212 21:20:41.162"/>
</kw>
<kw name="Capture Page Screenshot" library="SeleniumLibrary">
<arg>alert.png</arg>
<doc>Takes a screenshot of the current page and embeds it into a log file.</doc>
<msg timestamp="20230212 21:20:41.274" level="INFO" html="true">&lt;/td&gt;&lt;/tr&gt;&lt;tr&gt;&lt;td colspan="3"&gt;&lt;a href="alert.png"&gt;&lt;img src="alert.png" width="800px"&gt;&lt;/a&gt;</msg>
<status status="PASS" starttime="20230212 21:20:41.162" endtime="20230212 21:20:41.274"/>
</kw>
<status status="PASS" starttime="20230212 21:20:40.922" endtime="20230212 21:20:41.274"/>
</kw>
<kw name="Close Browser" library="SeleniumLibrary" type="TEARDOWN">
<doc>Closes the current browser.</doc>
<status status="PASS" starttime="20230212 21:20:41.274" endtime="20230212 21:20:43.847"/>
</kw>
<status status="PASS" starttime="20230212 21:20:33.013" endtime="20230212 21:20:43.847"/>
</test>
<test id="s1-s1-t3" name="Fill the form" line="52">
<kw name="Open login page">
<kw name="Open Browser" library="SeleniumLibrary">
<arg>${LOGIN URL}</arg>
<arg>${BROWSER}</arg>
<doc>Opens a new browser instance to the optional ``url``.</doc>
<msg timestamp="20230212 21:20:43.850" level="INFO">Opening browser 'Chrome' to base url 'https://scouts-test.futbolkolektyw.pl/en'.</msg>
<status status="PASS" starttime="20230212 21:20:43.847" endtime="20230212 21:20:47.268"/>
</kw>
<kw name="Title Should Be" library="SeleniumLibrary">
<arg>Scouts panel - sign in</arg>
<doc>Verifies that the current page title equals ``title``.</doc>
<msg timestamp="20230212 21:20:47.272" level="INFO">Page title is 'Scouts panel - sign in'.</msg>
<status status="PASS" starttime="20230212 21:20:47.268" endtime="20230212 21:20:47.272"/>
</kw>
<status status="PASS" starttime="20230212 21:20:43.847" endtime="20230212 21:20:47.272"/>
</kw>
<kw name="Type in email">
<kw name="Input Text" library="SeleniumLibrary">
<arg>${EMAILINPUT}</arg>
<arg>user07@getnada.com</arg>
<doc>Types the given ``text`` into the text field identified by ``locator``.</doc>
<msg timestamp="20230212 21:20:47.276" level="INFO">Typing text 'user07@getnada.com' into text field 'xpath=//*[@id='login']'.</msg>
<status status="PASS" starttime="20230212 21:20:47.276" endtime="20230212 21:20:47.428"/>
</kw>
<status status="PASS" starttime="20230212 21:20:47.276" endtime="20230212 21:20:47.428"/>
</kw>
<kw name="Type in password">
<kw name="Input Text" library="SeleniumLibrary">
<arg>${PASSWORDINPUT}</arg>
<arg>Test-1234</arg>
<doc>Types the given ``text`` into the text field identified by ``locator``.</doc>
<msg timestamp="20230212 21:20:47.428" level="INFO">Typing text 'Test-1234' into text field 'xpath=//*[@id='password']'.</msg>
<status status="PASS" starttime="20230212 21:20:47.428" endtime="20230212 21:20:47.528"/>
</kw>
<status status="PASS" starttime="20230212 21:20:47.428" endtime="20230212 21:20:47.528"/>
</kw>
<kw name="Click on the Submit button">
<kw name="Click Element" library="SeleniumLibrary">
<arg>xpath=//*[text()='Sign in']</arg>
<doc>Click the element identified by ``locator``.</doc>
<msg timestamp="20230212 21:20:47.532" level="INFO">Clicking element 'xpath=//*[text()='Sign in']'.</msg>
<status status="PASS" starttime="20230212 21:20:47.532" endtime="20230212 21:20:47.582"/>
</kw>
<status status="PASS" starttime="20230212 21:20:47.528" endtime="20230212 21:20:47.582"/>
</kw>
<kw name="Assert dashboard">
<kw name="Wait Until Element Is Visible" library="SeleniumLibrary">
<arg>${PAGELOGO}</arg>
<doc>Waits until the element ``locator`` is visible.</doc>
<status status="PASS" starttime="20230212 21:20:47.583" endtime="20230212 21:20:48.650"/>
</kw>
<kw name="Title Should Be" library="SeleniumLibrary">
<arg>Scouts panel</arg>
<doc>Verifies that the current page title equals ``title``.</doc>
<msg timestamp="20230212 21:20:48.654" level="INFO">Page title is 'Scouts panel'.</msg>
<status status="PASS" starttime="20230212 21:20:48.650" endtime="20230212 21:20:48.654"/>
</kw>
<status status="PASS" starttime="20230212 21:20:47.583" endtime="20230212 21:20:48.654"/>
</kw>
<kw name="Click on add button">
<kw name="Click Element" library="SeleniumLibrary">
<arg>//*[text()='Add player']</arg>
<doc>Click the element identified by ``locator``.</doc>
<msg timestamp="20230212 21:20:48.654" level="INFO">Clicking element '//*[text()='Add player']'.</msg>
<status status="PASS" starttime="20230212 21:20:48.654" endtime="20230212 21:20:48.702"/>
</kw>
<status status="PASS" starttime="20230212 21:20:48.654" endtime="20230212 21:20:48.702"/>
</kw>
<kw name="Assert add a player page">
<kw name="Wait Until Element Is Visible" library="SeleniumLibrary">
<arg>${ADDPLAYERPAGELOGO}</arg>
<doc>Waits until the element ``locator`` is visible.</doc>
<status status="PASS" starttime="20230212 21:20:48.702" endtime="20230212 21:20:49.784"/>
</kw>
<kw name="Title Should Be" library="SeleniumLibrary">
<arg>Add player</arg>
<doc>Verifies that the current page title equals ``title``.</doc>
<msg timestamp="20230212 21:20:49.784" level="INFO">Page title is 'Add player'.</msg>
<status status="PASS" starttime="20230212 21:20:49.784" endtime="20230212 21:20:49.784"/>
</kw>
<kw name="Capture Page Screenshot" library="SeleniumLibrary">
<arg>alert.png</arg>
<doc>Takes a screenshot of the current page and embeds it into a log file.</doc>
<msg timestamp="20230212 21:20:49.906" level="INFO" html="true">&lt;/td&gt;&lt;/tr&gt;&lt;tr&gt;&lt;td colspan="3"&gt;&lt;a href="alert.png"&gt;&lt;img src="alert.png" width="800px"&gt;&lt;/a&gt;</msg>
<status status="PASS" starttime="20230212 21:20:49.784" endtime="20230212 21:20:49.906"/>
</kw>
<status status="PASS" starttime="20230212 21:20:48.702" endtime="20230212 21:20:49.906"/>
</kw>
<kw name="Type in forms">
<kw name="Input Text" library="SeleniumLibrary">
<arg>${EMAIL FORM}</arg>
<arg>qwe@gmail</arg>
<doc>Types the given ``text`` into the text field identified by ``locator``.</doc>
<msg timestamp="20230212 21:20:49.906" level="INFO">Typing text 'qwe@gmail' into text field '//*[@name='email']'.</msg>
<status status="PASS" starttime="20230212 21:20:49.906" endtime="20230212 21:20:50.014"/>
</kw>
<kw name="Input Text" library="SeleniumLibrary">
<arg>${NAME FORM}</arg>
<arg>Mihal</arg>
<doc>Types the given ``text`` into the text field identified by ``locator``.</doc>
<msg timestamp="20230212 21:20:50.014" level="INFO">Typing text 'Mihal' into text field '//input[@name='name']'.</msg>
<status status="PASS" starttime="20230212 21:20:50.014" endtime="20230212 21:20:50.114"/>
</kw>
<kw name="Input Text" library="SeleniumLibrary">
<arg>${SURNAME FORM}</arg>
<arg>Zazeckii</arg>
<doc>Types the given ``text`` into the text field identified by ``locator``.</doc>
<msg timestamp="20230212 21:20:50.114" level="INFO">Typing text 'Zazeckii' into text field '//input[@name='surname']'.</msg>
<status status="PASS" starttime="20230212 21:20:50.114" endtime="20230212 21:20:50.234"/>
</kw>
<kw name="Input Text" library="SeleniumLibrary">
<arg>${AGEFORM}</arg>
<arg>07.05.1996</arg>
<doc>Types the given ``text`` into the text field identified by ``locator``.</doc>
<msg timestamp="20230212 21:20:50.234" level="INFO">Typing text '07.05.1996' into text field '//input[@name='age']'.</msg>
<status status="PASS" starttime="20230212 21:20:50.234" endtime="20230212 21:20:50.334"/>
</kw>
<kw name="Input Text" library="SeleniumLibrary">
<arg>${MAIN POSITION FORM}</arg>
<arg>goalkeeper</arg>
<doc>Types the given ``text`` into the text field identified by ``locator``.</doc>
<msg timestamp="20230212 21:20:50.334" level="INFO">Typing text 'goalkeeper' into text field '//input[@name='mainPosition']'.</msg>
<status status="PASS" starttime="20230212 21:20:50.334" endtime="20230212 21:20:50.443"/>
</kw>
<status status="PASS" starttime="20230212 21:20:49.906" endtime="20230212 21:20:50.443"/>
</kw>
<kw name="Click Submit button add page">
<kw name="Click Element" library="SeleniumLibrary">
<arg>xpath=//div[3]/button[1]/span[1]</arg>
<doc>Click the element identified by ``locator``.</doc>
<msg timestamp="20230212 21:20:50.447" level="INFO">Clicking element 'xpath=//div[3]/button[1]/span[1]'.</msg>
<status status="PASS" starttime="20230212 21:20:50.443" endtime="20230212 21:20:50.503"/>
</kw>
<status status="PASS" starttime="20230212 21:20:50.443" endtime="20230212 21:20:50.503"/>
</kw>
<kw name="Close Browser" library="SeleniumLibrary" type="TEARDOWN">
<doc>Closes the current browser.</doc>
<status status="PASS" starttime="20230212 21:20:50.503" endtime="20230212 21:20:53.253"/>
</kw>
<status status="PASS" starttime="20230212 21:20:43.847" endtime="20230212 21:20:53.253"/>
</test>
<test id="s1-s1-t4" name="Negative test" line="65">
<kw name="Open login page2">
<kw name="Open Browser" library="SeleniumLibrary">
<arg>${LOGIN URL}</arg>
<arg>${BROWSER}</arg>
<doc>Opens a new browser instance to the optional ``url``.</doc>
<msg timestamp="20230212 21:20:53.257" level="INFO">Opening browser 'Chrome' to base url 'https://scouts-test.futbolkolektyw.pl/en'.</msg>
<status status="PASS" starttime="20230212 21:20:53.253" endtime="20230212 21:20:56.546"/>
</kw>
<status status="PASS" starttime="20230212 21:20:53.253" endtime="20230212 21:20:56.546"/>
</kw>
<kw name="Type in email2">
<kw name="Input Text" library="SeleniumLibrary">
<arg>${EMAILINPUT}</arg>
<arg>user07@getnada.com</arg>
<doc>Types the given ``text`` into the text field identified by ``locator``.</doc>
<msg timestamp="20230212 21:20:56.546" level="INFO">Typing text 'user07@getnada.com' into text field 'xpath=//*[@id='login']'.</msg>
<status status="PASS" starttime="20230212 21:20:56.546" endtime="20230212 21:20:56.694"/>
</kw>
<status status="PASS" starttime="20230212 21:20:56.546" endtime="20230212 21:20:56.694"/>
</kw>
<kw name="Type in password2">
<kw name="Input Text" library="SeleniumLibrary">
<arg>${PASSWORDINPUT}</arg>
<arg>Test-123</arg>
<doc>Types the given ``text`` into the text field identified by ``locator``.</doc>
<msg timestamp="20230212 21:20:56.694" level="INFO">Typing text 'Test-123' into text field 'xpath=//*[@id='password']'.</msg>
<status status="PASS" starttime="20230212 21:20:56.694" endtime="20230212 21:20:56.798"/>
</kw>
<status status="PASS" starttime="20230212 21:20:56.694" endtime="20230212 21:20:56.798"/>
</kw>
<kw name="Click on the Submit button2">
<kw name="Click Element" library="SeleniumLibrary">
<arg>xpath=//*[text()='Sign in']</arg>
<doc>Click the element identified by ``locator``.</doc>
<msg timestamp="20230212 21:20:56.802" level="INFO">Clicking element 'xpath=//*[text()='Sign in']'.</msg>
<status status="PASS" starttime="20230212 21:20:56.802" endtime="20230212 21:20:56.852"/>
</kw>
<status status="PASS" starttime="20230212 21:20:56.802" endtime="20230212 21:20:56.852"/>
</kw>
<kw name="Assert warring message">
<kw name="Wait Until Element Is Visible" library="SeleniumLibrary">
<arg>${WARRING TEXT LOGIN}</arg>
<doc>Waits until the element ``locator`` is visible.</doc>
<status status="PASS" starttime="20230212 21:20:56.852" endtime="20230212 21:20:58.132"/>
</kw>
<kw name="Element Text Should Be" library="SeleniumLibrary">
<arg>//span[contains(@class, 'MuiTypography-colorError')]</arg>
<arg>Identifier or password invalid.</arg>
<doc>Verifies that element ``locator`` contains exact the text ``expected``.</doc>
<msg timestamp="20230212 21:20:58.132" level="INFO">Verifying element '//span[contains(@class, 'MuiTypography-colorError')]' contains exact text 'Identifier or password invalid.'.</msg>
<status status="PASS" starttime="20230212 21:20:58.132" endtime="20230212 21:20:58.148"/>
</kw>
<status status="PASS" starttime="20230212 21:20:56.852" endtime="20230212 21:20:58.148"/>
</kw>
<kw name="Close Browser" library="SeleniumLibrary" type="TEARDOWN">
<doc>Closes the current browser.</doc>
<status status="PASS" starttime="20230212 21:20:58.152" endtime="20230212 21:21:00.272"/>
</kw>
<status status="PASS" starttime="20230212 21:20:53.253" endtime="20230212 21:21:00.272"/>
</test>
<test id="s1-s1-t5" name="Language button" line="72">
<kw name="Open login page">
<kw name="Open Browser" library="SeleniumLibrary">
<arg>${LOGIN URL}</arg>
<arg>${BROWSER}</arg>
<doc>Opens a new browser instance to the optional ``url``.</doc>
<msg timestamp="20230212 21:21:00.276" level="INFO">Opening browser 'Chrome' to base url 'https://scouts-test.futbolkolektyw.pl/en'.</msg>
<status status="PASS" starttime="20230212 21:21:00.272" endtime="20230212 21:21:03.615"/>
</kw>
<kw name="Title Should Be" library="SeleniumLibrary">
<arg>Scouts panel - sign in</arg>
<doc>Verifies that the current page title equals ``title``.</doc>
<msg timestamp="20230212 21:21:03.619" level="INFO">Page title is 'Scouts panel - sign in'.</msg>
<status status="PASS" starttime="20230212 21:21:03.615" endtime="20230212 21:21:03.619"/>
</kw>
<status status="PASS" starttime="20230212 21:21:00.272" endtime="20230212 21:21:03.619"/>
</kw>
<kw name="Type in email">
<kw name="Input Text" library="SeleniumLibrary">
<arg>${EMAILINPUT}</arg>
<arg>user07@getnada.com</arg>
<doc>Types the given ``text`` into the text field identified by ``locator``.</doc>
<msg timestamp="20230212 21:21:03.619" level="INFO">Typing text 'user07@getnada.com' into text field 'xpath=//*[@id='login']'.</msg>
<status status="PASS" starttime="20230212 21:21:03.619" endtime="20230212 21:21:03.764"/>
</kw>
<status status="PASS" starttime="20230212 21:21:03.619" endtime="20230212 21:21:03.764"/>
</kw>
<kw name="Type in password">
<kw name="Input Text" library="SeleniumLibrary">
<arg>${PASSWORDINPUT}</arg>
<arg>Test-1234</arg>
<doc>Types the given ``text`` into the text field identified by ``locator``.</doc>
<msg timestamp="20230212 21:21:03.768" level="INFO">Typing text 'Test-1234' into text field 'xpath=//*[@id='password']'.</msg>
<status status="PASS" starttime="20230212 21:21:03.768" endtime="20230212 21:21:03.872"/>
</kw>
<status status="PASS" starttime="20230212 21:21:03.764" endtime="20230212 21:21:03.872"/>
</kw>
<kw name="Click on the Submit button">
<kw name="Click Element" library="SeleniumLibrary">
<arg>xpath=//*[text()='Sign in']</arg>
<doc>Click the element identified by ``locator``.</doc>
<msg timestamp="20230212 21:21:03.876" level="INFO">Clicking element 'xpath=//*[text()='Sign in']'.</msg>
<status status="PASS" starttime="20230212 21:21:03.876" endtime="20230212 21:21:03.924"/>
</kw>
<status status="PASS" starttime="20230212 21:21:03.876" endtime="20230212 21:21:03.924"/>
</kw>
<kw name="Assert dashboard">
<kw name="Wait Until Element Is Visible" library="SeleniumLibrary">
<arg>${PAGELOGO}</arg>
<doc>Waits until the element ``locator`` is visible.</doc>
<status status="PASS" starttime="20230212 21:21:03.925" endtime="20230212 21:21:04.990"/>
</kw>
<kw name="Title Should Be" library="SeleniumLibrary">
<arg>Scouts panel</arg>
<doc>Verifies that the current page title equals ``title``.</doc>
<msg timestamp="20230212 21:21:04.994" level="INFO">Page title is 'Scouts panel'.</msg>
<status status="PASS" starttime="20230212 21:21:04.994" endtime="20230212 21:21:04.994"/>
</kw>
<status status="PASS" starttime="20230212 21:21:03.925" endtime="20230212 21:21:04.994"/>
</kw>
<kw name="Click on add button">
<kw name="Click Element" library="SeleniumLibrary">
<arg>//*[text()='Add player']</arg>
<doc>Click the element identified by ``locator``.</doc>
<msg timestamp="20230212 21:21:04.998" level="INFO">Clicking element '//*[text()='Add player']'.</msg>
<status status="PASS" starttime="20230212 21:21:04.998" endtime="20230212 21:21:05.066"/>
</kw>
<status status="PASS" starttime="20230212 21:21:04.998" endtime="20230212 21:21:05.066"/>
</kw>
<kw name="Assert add a player page">
<kw name="Wait Until Element Is Visible" library="SeleniumLibrary">
<arg>${ADDPLAYERPAGELOGO}</arg>
<doc>Waits until the element ``locator`` is visible.</doc>
<status status="PASS" starttime="20230212 21:21:05.066" endtime="20230212 21:21:05.154"/>
</kw>
<kw name="Title Should Be" library="SeleniumLibrary">
<arg>Add player</arg>
<doc>Verifies that the current page title equals ``title``.</doc>
<msg timestamp="20230212 21:21:05.158" level="INFO">Page title is 'Add player'.</msg>
<status status="PASS" starttime="20230212 21:21:05.154" endtime="20230212 21:21:05.158"/>
</kw>
<kw name="Capture Page Screenshot" library="SeleniumLibrary">
<arg>alert.png</arg>
<doc>Takes a screenshot of the current page and embeds it into a log file.</doc>
<msg timestamp="20230212 21:21:05.306" level="INFO" html="true">&lt;/td&gt;&lt;/tr&gt;&lt;tr&gt;&lt;td colspan="3"&gt;&lt;a href="alert.png"&gt;&lt;img src="alert.png" width="800px"&gt;&lt;/a&gt;</msg>
<status status="PASS" starttime="20230212 21:21:05.158" endtime="20230212 21:21:05.306"/>
</kw>
<status status="PASS" starttime="20230212 21:21:05.066" endtime="20230212 21:21:05.306"/>
</kw>
<kw name="Click on language button">
<kw name="Click Element" library="SeleniumLibrary">
<arg>//ul[2]/div[1]/div[2]/span</arg>
<doc>Click the element identified by ``locator``.</doc>
<msg timestamp="20230212 21:21:05.306" level="INFO">Clicking element '//ul[2]/div[1]/div[2]/span'.</msg>
<status status="PASS" starttime="20230212 21:21:05.306" endtime="20230212 21:21:05.394"/>
</kw>
<status status="PASS" starttime="20230212 21:21:05.306" endtime="20230212 21:21:05.394"/>
</kw>
<kw name="Close Browser" library="SeleniumLibrary" type="TEARDOWN">
<doc>Closes the current browser.</doc>
<status status="PASS" starttime="20230212 21:21:05.394" endtime="20230212 21:21:07.540"/>
</kw>
<status status="PASS" starttime="20230212 21:21:00.272" endtime="20230212 21:21:07.540"/>
</test>
<test id="s1-s1-t6" name="Youtube fill and delete" line="83">
<kw name="Open login page">
<kw name="Open Browser" library="SeleniumLibrary">
<arg>${LOGIN URL}</arg>
<arg>${BROWSER}</arg>
<doc>Opens a new browser instance to the optional ``url``.</doc>
<msg timestamp="20230212 21:21:07.544" level="INFO">Opening browser 'Chrome' to base url 'https://scouts-test.futbolkolektyw.pl/en'.</msg>
<status status="PASS" starttime="20230212 21:21:07.544" endtime="20230212 21:21:11.199"/>
</kw>
<kw name="Title Should Be" library="SeleniumLibrary">
<arg>Scouts panel - sign in</arg>
<doc>Verifies that the current page title equals ``title``.</doc>
<msg timestamp="20230212 21:21:11.203" level="INFO">Page title is 'Scouts panel - sign in'.</msg>
<status status="PASS" starttime="20230212 21:21:11.199" endtime="20230212 21:21:11.203"/>
</kw>
<status status="PASS" starttime="20230212 21:21:07.544" endtime="20230212 21:21:11.203"/>
</kw>
<kw name="Type in email">
<kw name="Input Text" library="SeleniumLibrary">
<arg>${EMAILINPUT}</arg>
<arg>user07@getnada.com</arg>
<doc>Types the given ``text`` into the text field identified by ``locator``.</doc>
<msg timestamp="20230212 21:21:11.203" level="INFO">Typing text 'user07@getnada.com' into text field 'xpath=//*[@id='login']'.</msg>
<status status="PASS" starttime="20230212 21:21:11.203" endtime="20230212 21:21:11.351"/>
</kw>
<status status="PASS" starttime="20230212 21:21:11.203" endtime="20230212 21:21:11.351"/>
</kw>
<kw name="Type in password">
<kw name="Input Text" library="SeleniumLibrary">
<arg>${PASSWORDINPUT}</arg>
<arg>Test-1234</arg>
<doc>Types the given ``text`` into the text field identified by ``locator``.</doc>
<msg timestamp="20230212 21:21:11.351" level="INFO">Typing text 'Test-1234' into text field 'xpath=//*[@id='password']'.</msg>
<status status="PASS" starttime="20230212 21:21:11.351" endtime="20230212 21:21:11.467"/>
</kw>
<status status="PASS" starttime="20230212 21:21:11.351" endtime="20230212 21:21:11.467"/>
</kw>
<kw name="Click on the Submit button">
<kw name="Click Element" library="SeleniumLibrary">
<arg>xpath=//*[text()='Sign in']</arg>
<doc>Click the element identified by ``locator``.</doc>
<msg timestamp="20230212 21:21:11.467" level="INFO">Clicking element 'xpath=//*[text()='Sign in']'.</msg>
<status status="PASS" starttime="20230212 21:21:11.467" endtime="20230212 21:21:11.516"/>
</kw>
<status status="PASS" starttime="20230212 21:21:11.467" endtime="20230212 21:21:11.516"/>
</kw>
<kw name="Assert dashboard">
<kw name="Wait Until Element Is Visible" library="SeleniumLibrary">
<arg>${PAGELOGO}</arg>
<doc>Waits until the element ``locator`` is visible.</doc>
<status status="PASS" starttime="20230212 21:21:11.516" endtime="20230212 21:21:12.807"/>
</kw>
<kw name="Title Should Be" library="SeleniumLibrary">
<arg>Scouts panel</arg>
<doc>Verifies that the current page title equals ``title``.</doc>
<msg timestamp="20230212 21:21:12.807" level="INFO">Page title is 'Scouts panel'.</msg>
<status status="PASS" starttime="20230212 21:21:12.807" endtime="20230212 21:21:12.807"/>
</kw>
<status status="PASS" starttime="20230212 21:21:11.516" endtime="20230212 21:21:12.807"/>
</kw>
<kw name="Click on add button">
<kw name="Click Element" library="SeleniumLibrary">
<arg>//*[text()='Add player']</arg>
<doc>Click the element identified by ``locator``.</doc>
<msg timestamp="20230212 21:21:12.811" level="INFO">Clicking element '//*[text()='Add player']'.</msg>
<status status="PASS" starttime="20230212 21:21:12.811" endtime="20230212 21:21:12.859"/>
</kw>
<status status="PASS" starttime="20230212 21:21:12.807" endtime="20230212 21:21:12.859"/>
</kw>
<kw name="Assert add a player page">
<kw name="Wait Until Element Is Visible" library="SeleniumLibrary">
<arg>${ADDPLAYERPAGELOGO}</arg>
<doc>Waits until the element ``locator`` is visible.</doc>
<status status="PASS" starttime="20230212 21:21:12.859" endtime="20230212 21:21:12.943"/>
</kw>
<kw name="Title Should Be" library="SeleniumLibrary">
<arg>Add player</arg>
<doc>Verifies that the current page title equals ``title``.</doc>
<msg timestamp="20230212 21:21:12.947" level="INFO">Page title is 'Add player'.</msg>
<status status="PASS" starttime="20230212 21:21:12.943" endtime="20230212 21:21:12.947"/>
</kw>
<kw name="Capture Page Screenshot" library="SeleniumLibrary">
<arg>alert.png</arg>
<doc>Takes a screenshot of the current page and embeds it into a log file.</doc>
<msg timestamp="20230212 21:21:13.079" level="INFO" html="true">&lt;/td&gt;&lt;/tr&gt;&lt;tr&gt;&lt;td colspan="3"&gt;&lt;a href="alert.png"&gt;&lt;img src="alert.png" width="800px"&gt;&lt;/a&gt;</msg>
<status status="PASS" starttime="20230212 21:21:12.947" endtime="20230212 21:21:13.079"/>
</kw>
<status status="PASS" starttime="20230212 21:21:12.859" endtime="20230212 21:21:13.079"/>
</kw>
<kw name="Fill and delete youtube form">
<kw name="Click Element" library="SeleniumLibrary">
<arg>//div[19]/button/span[1]</arg>
<doc>Click the element identified by ``locator``.</doc>
<msg timestamp="20230212 21:21:13.079" level="INFO">Clicking element '//div[19]/button/span[1]'.</msg>
<status status="PASS" starttime="20230212 21:21:13.079" endtime="20230212 21:21:13.131"/>
</kw>
<kw name="Input Text" library="SeleniumLibrary">
<arg>//input[@name='webYT[0]']</arg>
<arg>Youtubechannel</arg>
<doc>Types the given ``text`` into the text field identified by ``locator``.</doc>
<msg timestamp="20230212 21:21:13.131" level="INFO">Typing text 'Youtubechannel' into text field '//input[@name='webYT[0]']'.</msg>
<status status="PASS" starttime="20230212 21:21:13.131" endtime="20230212 21:21:13.267"/>
</kw>
<kw name="Click Element" library="SeleniumLibrary">
<arg>//div[19]/div/button/span[1]</arg>
<doc>Click the element identified by ``locator``.</doc>
<msg timestamp="20230212 21:21:13.267" level="INFO">Clicking element '//div[19]/div/button/span[1]'.</msg>
<status status="PASS" starttime="20230212 21:21:13.267" endtime="20230212 21:21:13.314"/>
</kw>
<status status="PASS" starttime="20230212 21:21:13.079" endtime="20230212 21:21:13.314"/>
</kw>
<kw name="Close Browser" library="SeleniumLibrary" type="TEARDOWN">
<doc>Closes the current browser.</doc>
<status status="PASS" starttime="20230212 21:21:13.315" endtime="20230212 21:21:15.457"/>
</kw>
<status status="PASS" starttime="20230212 21:21:07.540" endtime="20230212 21:21:15.457"/>
</test>
<test id="s1-s1-t7" name="Choose leg" line="93">
<kw name="Open login page">
<kw name="Open Browser" library="SeleniumLibrary">
<arg>${LOGIN URL}</arg>
<arg>${BROWSER}</arg>
<doc>Opens a new browser instance to the optional ``url``.</doc>
<msg timestamp="20230212 21:21:15.461" level="INFO">Opening browser 'Chrome' to base url 'https://scouts-test.futbolkolektyw.pl/en'.</msg>
<status status="PASS" starttime="20230212 21:21:15.461" endtime="20230212 21:21:19.934"/>
</kw>
<kw name="Title Should Be" library="SeleniumLibrary">
<arg>Scouts panel - sign in</arg>
<doc>Verifies that the current page title equals ``title``.</doc>
<msg timestamp="20230212 21:21:19.942" level="INFO">Page title is 'Scouts panel - sign in'.</msg>
<status status="PASS" starttime="20230212 21:21:19.934" endtime="20230212 21:21:19.942"/>
</kw>
<status status="PASS" starttime="20230212 21:21:15.457" endtime="20230212 21:21:19.942"/>
</kw>
<kw name="Type in email">
<kw name="Input Text" library="SeleniumLibrary">
<arg>${EMAILINPUT}</arg>
<arg>user07@getnada.com</arg>
<doc>Types the given ``text`` into the text field identified by ``locator``.</doc>
<msg timestamp="20230212 21:21:19.942" level="INFO">Typing text 'user07@getnada.com' into text field 'xpath=//*[@id='login']'.</msg>
<status status="PASS" starttime="20230212 21:21:19.942" endtime="20230212 21:21:20.086"/>
</kw>
<status status="PASS" starttime="20230212 21:21:19.942" endtime="20230212 21:21:20.086"/>
</kw>
<kw name="Type in password">
<kw name="Input Text" library="SeleniumLibrary">
<arg>${PASSWORDINPUT}</arg>
<arg>Test-1234</arg>
<doc>Types the given ``text`` into the text field identified by ``locator``.</doc>
<msg timestamp="20230212 21:21:20.090" level="INFO">Typing text 'Test-1234' into text field 'xpath=//*[@id='password']'.</msg>
<status status="PASS" starttime="20230212 21:21:20.086" endtime="20230212 21:21:20.190"/>
</kw>
<status status="PASS" starttime="20230212 21:21:20.086" endtime="20230212 21:21:20.190"/>
</kw>
<kw name="Click on the Submit button">
<kw name="Click Element" library="SeleniumLibrary">
<arg>xpath=//*[text()='Sign in']</arg>
<doc>Click the element identified by ``locator``.</doc>
<msg timestamp="20230212 21:21:20.190" level="INFO">Clicking element 'xpath=//*[text()='Sign in']'.</msg>
<status status="PASS" starttime="20230212 21:21:20.190" endtime="20230212 21:21:20.238"/>
</kw>
<status status="PASS" starttime="20230212 21:21:20.190" endtime="20230212 21:21:20.238"/>
</kw>
<kw name="Assert dashboard">
<kw name="Wait Until Element Is Visible" library="SeleniumLibrary">
<arg>${PAGELOGO}</arg>
<doc>Waits until the element ``locator`` is visible.</doc>
<status status="PASS" starttime="20230212 21:21:20.239" endtime="20230212 21:21:22.390"/>
</kw>
<kw name="Title Should Be" library="SeleniumLibrary">
<arg>Scouts panel</arg>
<doc>Verifies that the current page title equals ``title``.</doc>
<msg timestamp="20230212 21:21:22.394" level="INFO">Page title is 'Scouts panel'.</msg>
<status status="PASS" starttime="20230212 21:21:22.390" endtime="20230212 21:21:22.394"/>
</kw>
<status status="PASS" starttime="20230212 21:21:20.238" endtime="20230212 21:21:22.394"/>
</kw>
<kw name="Click on add button">
<kw name="Click Element" library="SeleniumLibrary">
<arg>//*[text()='Add player']</arg>
<doc>Click the element identified by ``locator``.</doc>
<msg timestamp="20230212 21:21:22.394" level="INFO">Clicking element '//*[text()='Add player']'.</msg>
<status status="PASS" starttime="20230212 21:21:22.394" endtime="20230212 21:21:22.454"/>
</kw>
<status status="PASS" starttime="20230212 21:21:22.394" endtime="20230212 21:21:22.454"/>
</kw>
<kw name="Click leg and click rihgt leg">
<kw name="Click Element" library="SeleniumLibrary">
<arg>//*[@id='mui-component-select-leg']</arg>
<doc>Click the element identified by ``locator``.</doc>
<msg timestamp="20230212 21:21:22.458" level="INFO">Clicking element '//*[@id='mui-component-select-leg']'.</msg>
<status status="PASS" starttime="20230212 21:21:22.458" endtime="20230212 21:21:22.610"/>
</kw>
<kw name="Wait Until Element Is Visible" library="SeleniumLibrary">
<arg>${RIGHT LEG CHOOSE BUTTON}</arg>
<doc>Waits until the element ``locator`` is visible.</doc>
<status status="PASS" starttime="20230212 21:21:22.610" endtime="20230212 21:21:22.638"/>
</kw>
<kw name="Click Element" library="SeleniumLibrary">
<arg>//*[@data-value='right']</arg>
<doc>Click the element identified by ``locator``.</doc>
<msg timestamp="20230212 21:21:22.642" level="INFO">Clicking element '//*[@data-value='right']'.</msg>
<status status="PASS" starttime="20230212 21:21:22.638" endtime="20230212 21:21:22.690"/>
</kw>
<status status="PASS" starttime="20230212 21:21:22.458" endtime="20230212 21:21:22.690"/>
</kw>
<kw name="Close Browser" library="SeleniumLibrary" type="TEARDOWN">
<doc>Closes the current browser.</doc>
<status status="PASS" starttime="20230212 21:21:22.690" endtime="20230212 21:21:24.820"/>
</kw>
<status status="PASS" starttime="20230212 21:21:15.457" endtime="20230212 21:21:24.820"/>
</test>
<test id="s1-s1-t8" name="Sign out" line="102">
<kw name="Open login page">
<kw name="Open Browser" library="SeleniumLibrary">
<arg>${LOGIN URL}</arg>
<arg>${BROWSER}</arg>
<doc>Opens a new browser instance to the optional ``url``.</doc>
<msg timestamp="20230212 21:21:24.823" level="INFO">Opening browser 'Chrome' to base url 'https://scouts-test.futbolkolektyw.pl/en'.</msg>
<status status="PASS" starttime="20230212 21:21:24.820" endtime="20230212 21:21:28.339"/>
</kw>
<kw name="Title Should Be" library="SeleniumLibrary">
<arg>Scouts panel - sign in</arg>
<doc>Verifies that the current page title equals ``title``.</doc>
<msg timestamp="20230212 21:21:28.343" level="INFO">Page title is 'Scouts panel - sign in'.</msg>
<status status="PASS" starttime="20230212 21:21:28.339" endtime="20230212 21:21:28.343"/>
</kw>
<status status="PASS" starttime="20230212 21:21:24.820" endtime="20230212 21:21:28.343"/>
</kw>
<kw name="Type in email">
<kw name="Input Text" library="SeleniumLibrary">
<arg>${EMAILINPUT}</arg>
<arg>user07@getnada.com</arg>
<doc>Types the given ``text`` into the text field identified by ``locator``.</doc>
<msg timestamp="20230212 21:21:28.347" level="INFO">Typing text 'user07@getnada.com' into text field 'xpath=//*[@id='login']'.</msg>
<status status="PASS" starttime="20230212 21:21:28.347" endtime="20230212 21:21:28.495"/>
</kw>
<status status="PASS" starttime="20230212 21:21:28.347" endtime="20230212 21:21:28.495"/>
</kw>
<kw name="Type in password">
<kw name="Input Text" library="SeleniumLibrary">
<arg>${PASSWORDINPUT}</arg>
<arg>Test-1234</arg>
<doc>Types the given ``text`` into the text field identified by ``locator``.</doc>
<msg timestamp="20230212 21:21:28.495" level="INFO">Typing text 'Test-1234' into text field 'xpath=//*[@id='password']'.</msg>
<status status="PASS" starttime="20230212 21:21:28.495" endtime="20230212 21:21:28.599"/>
</kw>
<status status="PASS" starttime="20230212 21:21:28.495" endtime="20230212 21:21:28.599"/>
</kw>
<kw name="Click on the Submit button">
<kw name="Click Element" library="SeleniumLibrary">
<arg>xpath=//*[text()='Sign in']</arg>
<doc>Click the element identified by ``locator``.</doc>
<msg timestamp="20230212 21:21:28.603" level="INFO">Clicking element 'xpath=//*[text()='Sign in']'.</msg>
<status status="PASS" starttime="20230212 21:21:28.599" endtime="20230212 21:21:28.650"/>
</kw>
<status status="PASS" starttime="20230212 21:21:28.599" endtime="20230212 21:21:28.650"/>
</kw>
<kw name="Assert dashboard">
<kw name="Wait Until Element Is Visible" library="SeleniumLibrary">
<arg>${PAGELOGO}</arg>
<doc>Waits until the element ``locator`` is visible.</doc>
<status status="PASS" starttime="20230212 21:21:28.650" endtime="20230212 21:21:29.728"/>
</kw>
<kw name="Title Should Be" library="SeleniumLibrary">
<arg>Scouts panel</arg>
<doc>Verifies that the current page title equals ``title``.</doc>
<msg timestamp="20230212 21:21:29.732" level="INFO">Page title is 'Scouts panel'.</msg>
<status status="PASS" starttime="20230212 21:21:29.728" endtime="20230212 21:21:29.732"/>
</kw>
<status status="PASS" starttime="20230212 21:21:28.650" endtime="20230212 21:21:29.732"/>
</kw>
<kw name="Click on add button">
<kw name="Click Element" library="SeleniumLibrary">
<arg>//*[text()='Add player']</arg>
<doc>Click the element identified by ``locator``.</doc>
<msg timestamp="20230212 21:21:29.732" level="INFO">Clicking element '//*[text()='Add player']'.</msg>
<status status="PASS" starttime="20230212 21:21:29.732" endtime="20230212 21:21:29.780"/>
</kw>
<status status="PASS" starttime="20230212 21:21:29.732" endtime="20230212 21:21:29.780"/>
</kw>
<kw name="Click sign out button">
<kw name="Click Element" library="SeleniumLibrary">
<arg>//ul[2]/div[2]/div[2]/span</arg>
<doc>Click the element identified by ``locator``.</doc>
<msg timestamp="20230212 21:21:29.780" level="INFO">Clicking element '//ul[2]/div[2]/div[2]/span'.</msg>
<status status="PASS" starttime="20230212 21:21:29.780" endtime="20230212 21:21:29.848"/>
</kw>
<status status="PASS" starttime="20230212 21:21:29.780" endtime="20230212 21:21:29.848"/>
</kw>
<kw name="Close Browser" library="SeleniumLibrary" type="TEARDOWN">
<doc>Closes the current browser.</doc>
<status status="PASS" starttime="20230212 21:21:29.848" endtime="20230212 21:21:31.979"/>
</kw>
<status status="PASS" starttime="20230212 21:21:24.820" endtime="20230212 21:21:31.979"/>
</test>
<doc>Suite description #automated tests for scout website</doc>
<status status="PASS" starttime="20230212 21:20:22.891" endtime="20230212 21:21:31.979"/>
</suite>
<status status="PASS" starttime="20230212 21:20:22.867" endtime="20230212 21:21:31.983"/>
</suite>
<statistics>
<total>
<stat pass="8" fail="0" skip="0">All Tests</stat>
</total>
<tag>
</tag>
<suite>
<stat pass="8" fail="0" skip="0" id="s1" name="My Robotframework">My Robotframework</stat>
<stat pass="8" fail="0" skip="0" id="s1-s1" name="Tests Robotframework">My Robotframework.Tests Robotframework</stat>
</suite>
</statistics>
<errors>
</errors>
</robot>
